<?xml version="1.0" encoding="UTF-8"?>
<!-- Generated by org.testng.reporters.JUnitReportReporter -->
<testsuite hostname="DESKTOP-ONVL2K8" failures="0" tests="4" name="tests.Login_Page_Test" time="23.304" errors="0" timestamp="2022-12-08T12:36:43 AEST" skipped="0">
  <testcase classname="tests.Login_Page_Test" name="lockedUserLogin" time="5.543"/>
  <system-out/>
  <testcase classname="tests.Login_Page_Test" name="standardUserLogin" time="7.333"/>
  <system-out/>
  <testcase classname="tests.Login_Page_Test" name="standardUserLogin" time="7.657"/>
  <system-out/>
  <testcase classname="tests.Login_Page_Test" name="lockedUserLogin" time="2.771"/>
  <system-out/>
</testsuite> <!-- tests.Login_Page_Test -->
