<?xml version="1.0" encoding="UTF-8"?>
<!-- Generated by org.testng.reporters.JUnitReportReporter -->
<testsuite hostname="DESKTOP-ONVL2K8" failures="0" tests="4" name="tests.Checkout_Page_Test" time="13.191" errors="0" timestamp="2022-12-14T16:29:10 AEST" skipped="0">
  <testcase classname="tests.Checkout_Page_Test" name="missingInput" time="3.607"/>
  <system-out/>
  <testcase classname="tests.Checkout_Page_Test" name="missingInput" time="1.406"/>
  <system-out/>
  <testcase classname="tests.Checkout_Page_Test" name="requireInput" time="2.179"/>
  <system-out/>
  <testcase classname="tests.Checkout_Page_Test" name="requireInput" time="5.999"/>
  <system-out/>
</testsuite> <!-- tests.Checkout_Page_Test -->
